<?xml version="1.0" encoding="UTF-8"?>
<!-- Generated by org.testng.reporters.JUnitReportReporter -->
<testsuite skipped="0" hostname="LAPTOP-V6K4H3NV" name="PracticePrgMaven.Practice.LaunchBro" tests="12" failures="0" timestamp="2020-04-04T15:57:10 EDT" time="10.119" errors="0">
  <testcase name="getPgTitle" time="0.010" classname="PracticePrgMaven.Practice.LaunchBro"/>
  <testcase name="signIn" time="0.725" classname="PracticePrgMaven.Practice.LaunchBro"/>
  <testcase name="nextPage_SampleForm" time="0.490" classname="PracticePrgMaven.Practice.LaunchBro"/>
  <testcase name="samplePg_CheckBox" time="0.329" classname="PracticePrgMaven.Practice.LaunchBro"/>
  <testcase name="dropDown" time="0.062" classname="PracticePrgMaven.Practice.LaunchBro"/>
  <testcase name="calender" time="2.576" classname="PracticePrgMaven.Practice.LaunchBro"/>
  <testcase name="radio" time="0.097" classname="PracticePrgMaven.Practice.LaunchBro"/>
  <testcase name="checkBox" time="0.215" classname="PracticePrgMaven.Practice.LaunchBro"/>
  <testcase name="srollDown" time="0.147" classname="PracticePrgMaven.Practice.LaunchBro"/>
  <testcase name="uploadFile" time="0.050" classname="PracticePrgMaven.Practice.LaunchBro"/>
  <testcase name="user_enters_verification_code" time="5.079" classname="PracticePrgMaven.Practice.LaunchBro"/>
  <testcase name="clicks_submit_button" time="0.339" classname="PracticePrgMaven.Practice.LaunchBro"/>
</testsuite> <!-- PracticePrgMaven.Practice.LaunchBro -->
